<?xml version="1.0" encoding="UTF-8"?>
<testsuite name="Adope_Demo/tests" tests="1" failures="1" skipped="0" hostname="HDC3-L-5CC9NN2" time="0.023" timestamp="Wed Jan 16 11:40:45 IST 2019">
	<properties>
		<property name="excludeCallableTestCases" value="false"/>
		<property name="testEnvironment" value=""/>
		<property name="pluginOutputLevel" value="WARNING"/>
		<property name="projectPath" value="C:/Users/naresh.nadimpalli/Documents/prover-testcases"/>
		<property name="salesforceMetadataCache" value="Reuse"/>
		<property name="resultsPathDisposition" value="Increment"/>
		<property name="testOutputLevel" value="WARNING"/>
		<property name="webBrowserType" value="Google Chrome"/>
		<property name="resultsPath" value="C:/Users/naresh.nadimpalli/Documents/prover-testcases/ANT/Results"/>
		<property name="webBrowserConfiguration" value="Full Screen"/>
		<property name="projectCachePath" value="C:\Users\naresh.nadimpalli\Documents\prover-testcases\ANT\..\..\.provarCaches"/>
	</properties>
	<testcase classname="tests/Demo.testcase" name="Demo.testcase" time="0.022">
		<failure message="Execution failed"><![CDATA[Test API not found for Api Call.  Test Step: Salesforce Connect: Adope_Sandbox (Test), id: IdentifierImpl{id=com.provar.plugins.forcedotcom.core.testapis.ApexConnect}]]></failure>
	</testcase>
</testsuite>
